<?xml version="1.0" encoding="UTF-8"?>
<!-- Generated by org.testng.reporters.JUnitReportReporter -->
<testsuite hostname="Damjan" failures="0" tests="1" name="projectAutomation.TestPageAutomation" time="5.048" errors="0" timestamp="2024-11-29T10:59:20 CET" skipped="0">
  <testcase classname="projectAutomation.TestPageAutomation" name="testCase2" time="5.048"/>
  <system-out/>
</testsuite> <!-- projectAutomation.TestPageAutomation -->
