<?xml version="1.0" encoding="UTF-8"?>
<!-- Generated by org.testng.reporters.JUnitReportReporter -->
<testsuite hostname="Damjan" failures="0" tests="1" name="projectAmazon.TestPage" time="20.984" errors="0" timestamp="2024-09-27T15:12:29 CEST" skipped="0">
  <testcase classname="projectAmazon.TestPage" name="verifyFunctionalityOfTheCar" time="20.984"/>
  <system-out/>
</testsuite> <!-- projectAmazon.TestPage -->
