<?xml version="1.0" encoding="UTF-8"?>
<!-- Generated by org.testng.reporters.JUnitReportReporter -->
<testsuite hostname="Damjan" failures="0" tests="1" name="projectSasomangeCreateAd.TestCreateAnAdSasomange" time="30.772" errors="0" timestamp="2024-08-08T18:49:20 CEST" skipped="0">
  <testcase classname="projectSasomangeCreateAd.TestCreateAnAdSasomange" name="testCase3" time="30.772"/>
  <system-out/>
</testsuite> <!-- projectSasomangeCreateAd.TestCreateAnAdSasomange -->
