<?xml version="1.0" encoding="UTF-8"?>
<!-- Generated by org.testng.reporters.JUnitReportReporter -->
<testsuite hostname="Damjan" failures="0" tests="1" name="projectNFInnova.TestClassNFInnova" time="13.097" errors="0" timestamp="2024-09-20T10:27:22 CEST" skipped="0">
  <testcase classname="projectNFInnova.TestClassNFInnova" name="internalTransfer" time="13.097"/>
  <system-out/>
</testsuite> <!-- projectNFInnova.TestClassNFInnova -->
