<?xml version="1.0" encoding="UTF-8"?>
<!-- Generated by org.testng.reporters.JUnitReportReporter -->
<testsuite hostname="Damjan" failures="0" tests="1" name="projectAutomaticityLogin.TestPage1" time="4.935" errors="0" timestamp="2025-02-12T00:32:54 CET" skipped="0">
  <testcase classname="projectAutomaticityLogin.TestPage1" name="testCase1" time="4.935"/>
  <system-out/>
</testsuite> <!-- projectAutomaticityLogin.TestPage1 -->
