<?xml version="1.0" encoding="UTF-8"?>
<!-- Generated by org.testng.reporters.JUnitReportReporter -->
<testsuite hostname="Damjan" failures="0" tests="1" name="projectWebUniversity.TestPage" time="2.127" errors="0" timestamp="2024-12-21T10:39:45 CET" skipped="0">
  <testcase classname="projectWebUniversity.TestPage" name="testCase1" time="2.127"/>
  <system-out/>
</testsuite> <!-- projectWebUniversity.TestPage -->
