<?xml version="1.0" encoding="UTF-8"?>
<!-- Generated by org.testng.reporters.JUnitReportReporter -->
<testsuite hostname="Damjan" failures="0" tests="21" name="projectAutomaticityLogin.TestPage" time="112.123" errors="0" timestamp="2025-02-12T00:40:56 CET" skipped="0">
  <testcase classname="projectAutomaticityLogin.TestPage" name="testCase4" time="3.069"/>
  <system-out/>
  <testcase classname="projectAutomaticityLogin.TestPage" name="testCase5" time="2.705"/>
  <system-out/>
  <testcase classname="projectAutomaticityLogin.TestPage" name="testCase1" time="5.869"/>
  <system-out/>
  <testcase classname="projectAutomaticityLogin.TestPage" name="testCase5" time="2.784"/>
  <system-out/>
  <testcase classname="projectAutomaticityLogin.TestPage" name="testCase4" time="3.068"/>
  <system-out/>
  <testcase classname="projectAutomaticityLogin.TestPage" name="testCase5" time="7.157"/>
  <system-out/>
  <testcase classname="projectAutomaticityLogin.TestPage" name="testCase2" time="7.081"/>
  <system-out/>
  <testcase classname="projectAutomaticityLogin.TestPage" name="testCase5" time="2.787"/>
  <system-out/>
  <testcase classname="projectAutomaticityLogin.TestPage" name="testCase4" time="2.891"/>
  <system-out/>
  <testcase classname="projectAutomaticityLogin.TestPage" name="testCase2" time="2.923"/>
  <system-out/>
  <testcase classname="projectAutomaticityLogin.TestPage" name="testCase4" time="2.845"/>
  <system-out/>
  <testcase classname="projectAutomaticityLogin.TestPage" name="testCase5" time="2.697"/>
  <system-out/>
  <testcase classname="projectAutomaticityLogin.TestPage" name="testCase1" time="6.037"/>
  <system-out/>
  <testcase classname="projectAutomaticityLogin.TestPage" name="testCase2" time="7.627"/>
  <system-out/>
  <testcase classname="projectAutomaticityLogin.TestPage" name="testCase4" time="2.922"/>
  <system-out/>
  <testcase classname="projectAutomaticityLogin.TestPage" name="testCase1" time="5.504"/>
  <system-out/>
  <testcase classname="projectAutomaticityLogin.TestPage" name="testCase12" time="5.187"/>
  <system-out/>
  <testcase classname="projectAutomaticityLogin.TestPage" name="testCase8" time="26.804"/>
  <system-out/>
  <testcase classname="projectAutomaticityLogin.TestPage" name="testCase10" time="1.944"/>
  <system-out/>
  <testcase classname="projectAutomaticityLogin.TestPage" name="testCase6" time="2.930"/>
  <system-out/>
  <testcase classname="projectAutomaticityLogin.TestPage" name="testCase3" time="7.292"/>
  <system-out/>
</testsuite> <!-- projectAutomaticityLogin.TestPage -->
