<?xml version="1.0" encoding="UTF-8"?>
<!-- Generated by org.testng.reporters.JUnitReportReporter -->
<testsuite hostname="Damjan" failures="0" tests="1" name="project1x001.Test1x001" time="18.509" errors="0" timestamp="2024-09-06T16:24:29 CEST" skipped="0">
  <testcase classname="project1x001.Test1x001" name="testCase2" time="18.509"/>
  <system-out/>
</testsuite> <!-- project1x001.Test1x001 -->
