<?xml version="1.0" encoding="UTF-8"?>
<!-- Generated by org.testng.reporters.JUnitReportReporter -->
<testsuite hostname="Damjan" failures="0" tests="1" name="projectEmag.TestPage" time="6.521" errors="0" timestamp="2024-10-10T14:46:42 CEST" skipped="0">
  <testcase classname="projectEmag.TestPage" name="testCase6" time="6.521"/>
  <system-out/>
</testsuite> <!-- projectEmag.TestPage -->
