<?xml version="1.0" encoding="UTF-8"?>
<!-- Generated by org.testng.reporters.JUnitReportReporter -->
<testsuite hostname="Damjan" failures="0" tests="1" name="projectAutomaticity.TestPage" time="3.013" errors="0" timestamp="2025-02-12T00:52:13 CET" skipped="0">
  <testcase classname="projectAutomaticity.TestPage" name="testCase10" time="3.013"/>
  <system-out/>
</testsuite> <!-- projectAutomaticity.TestPage -->
