<?xml version="1.0" encoding="UTF-8"?>
<!-- Generated by org.testng.reporters.JUnitReportReporter -->
<testsuite hostname="Damjan" failures="0" tests="1" name="projectAutomaticityShoppingWorkflow.TestPage" time="29.707" errors="0" timestamp="2025-02-12T00:44:45 CET" skipped="0">
  <testcase classname="projectAutomaticityShoppingWorkflow.TestPage" name="testCase1" time="29.707"/>
  <system-out/>
</testsuite> <!-- projectAutomaticityShoppingWorkflow.TestPage -->
