<?xml version="1.0" encoding="UTF-8"?>
<!-- Generated by org.testng.reporters.JUnitReportReporter -->
<testsuite hostname="Damjan" failures="0" tests="8" name="projectDemoBlaze.TestDemoBlazeClass8" time="20.179" errors="0" timestamp="2024-07-26T14:19:47 CEST" skipped="0">
  <testcase classname="projectDemoBlaze.TestDemoBlazeClass8" name="verifyPrices2" time="1.108"/>
  <system-out/>
  <testcase classname="projectDemoBlaze.TestDemoBlazeClass8" name="verifyDescriptions2" time="1.444"/>
  <system-out/>
  <testcase classname="projectDemoBlaze.TestDemoBlazeClass8" name="verifyDescription" time="7.829"/>
  <system-out/>
  <testcase classname="projectDemoBlaze.TestDemoBlazeClass8" name="verifyNames" time="0.971"/>
  <system-out/>
  <testcase classname="projectDemoBlaze.TestDemoBlazeClass8" name="verifyPrices1" time="0.976"/>
  <system-out/>
  <testcase classname="projectDemoBlaze.TestDemoBlazeClass8" name="verifyPricesOnTheThirdPage" time="3.113"/>
  <system-out/>
  <testcase classname="projectDemoBlaze.TestDemoBlazeClass8" name="verifyNames2" time="1.158"/>
  <system-out/>
  <testcase classname="projectDemoBlaze.TestDemoBlazeClass8" name="verifyPricesFromSecondToThirdPage" time="3.580"/>
  <system-out/>
</testsuite> <!-- projectDemoBlaze.TestDemoBlazeClass8 -->
